        -:    0:Source:frequencies.c
        -:    0:Programs:4
        -:    1:#include <stdio.h>
        -:    2:#include <stdlib.h>
        -:    3:#include <stdbool.h>
        -:    4:#include <assert.h>
        -:    5:#include <errno.h>
        -:    6:#include <string.h>
        -:    7:#include "frequencies.h"
        -:    8:
        9:    9:bool calc_frequencies(Frequencies freqs, const char* path, const char** a_error) {
        9:   10:	FILE* opened_file = fopen(path, "r");				//Create file variable
        -:   11:
        9:   12:	if(opened_file == NULL) {							//Returns false if the file does not exist
        1:   13:		*a_error = strerror(errno);
        1:   14:		return false;
        -:   15:	}
      120:   16:	for(char character = fgetc(opened_file); !feof(opened_file); character = fgetc(opened_file)) {		//Increments when character appears in the file
      112:   17:		freqs[character + 0] += 1;
        -:   18:	}
        8:   19:	fclose(opened_file);
        8:   20:	return true;
        -:   21:}
        -:   22:
        -:   23:/* vim: set tabstop=4 shiftwidth=4 fileencoding=utf-8 noexpandtab: */
